<?xml version="1.0" encoding="utf-8"?><testsuites name="pytest tests"><testsuite name="pytest" errors="0" failures="0" skipped="0" tests="16" time="6.391" timestamp="2026-06-04T17:33:56.357134+00:00" hostname="agent-env-ac5e17f6-794d-4405-aaf8-59e8ddc45372"><testcase classname="backend.tests.test_backend.TestOCR" name="test_ocr_health" time="0.262" /><testcase classname="backend.tests.test_backend.TestOCR" name="test_ocr_extract_basic" time="0.933" /><testcase classname="backend.tests.test_backend.TestOCR" name="test_ocr_extract_fields_quality" time="1.050" /><testcase classname="backend.tests.test_backend.TestOCR" name="test_ocr_aadhaar_not_set_from_phone" time="1.390" /><testcase classname="backend.tests.test_backend.TestEmployees" name="test_create_returns_uuid_no_mongo_id" time="0.205" /><testcase classname="backend.tests.test_backend.TestEmployees" name="test_check_duplicate_true" time="0.213" /><testcase classname="backend.tests.test_backend.TestEmployees" name="test_check_duplicate_false" time="0.120" /><testcase classname="backend.tests.test_backend.TestEmployees" name="test_list_employees_no_mongo_id" time="0.267" /><testcase classname="backend.tests.test_backend.TestEmployees" name="test_list_search" time="0.271" /><testcase classname="backend.tests.test_backend.TestEmployees" name="test_list_search_by_employee_id" time="0.292" /><testcase classname="backend.tests.test_backend.TestEmployees" name="test_get_employee" time="0.247" /><testcase classname="backend.tests.test_backend.TestEmployees" name="test_get_employee_404" time="0.123" /><testcase classname="backend.tests.test_backend.TestEmployees" name="test_update_employee" time="0.322" /><testcase classname="backend.tests.test_backend.TestEmployees" name="test_stats" time="0.236" /><testcase classname="backend.tests.test_backend.TestEmployees" name="test_delete_employee" time="0.222" /><testcase classname="backend.tests.test_backend.TestEmployees" name="test_delete_404" time="0.131" /></testsuite></testsuites>